Analysis & Synthesis report for Prototipo2
Wed May 28 12:48:01 2025
Quartus Prime Version 23.1std.0 Build 991 11/28/2023 SC Lite Edition


---------------------
; Table of Contents ;
---------------------
  1. Legal Notice
  2. Analysis & Synthesis Summary
  3. Analysis & Synthesis Settings
  4. Parallel Compilation
  5. Analysis & Synthesis Source Files Read
  6. Analysis & Synthesis Resource Usage Summary
  7. Analysis & Synthesis Resource Utilization by Entity
  8. General Register Statistics
  9. Port Connectivity Checks: "quadrado_colorido_structural:quadrado|soma_10bit:sumPosTamanho|full_adder:f9"
 10. Port Connectivity Checks: "quadrado_colorido_structural:quadrado|soma_10bit:sumPosTamanho|full_adder:f0"
 11. Port Connectivity Checks: "vga_sync_estrutural:sinais_vga|menor_10bit:ymenor"
 12. Port Connectivity Checks: "vga_sync_estrutural:sinais_vga|menor_10bit:xmenor"
 13. Port Connectivity Checks: "vga_sync_estrutural:sinais_vga|entre_intervalo_10bit:vsyncEntre"
 14. Port Connectivity Checks: "vga_sync_estrutural:sinais_vga|entre_intervalo_10bit:hsyncEntre|maior_igual_10bit:comp1|menor_10bit:comp_menor|igual_1bit:EQ0"
 15. Port Connectivity Checks: "vga_sync_estrutural:sinais_vga|entre_intervalo_10bit:hsyncEntre"
 16. Post-Synthesis Netlist Statistics for Top Partition
 17. Elapsed Time Per Partition
 18. Analysis & Synthesis Messages



----------------
; Legal Notice ;
----------------
Copyright (C) 2023  Intel Corporation. All rights reserved.
Your use of Intel Corporation's design tools, logic functions 
and other software and tools, and any partner logic 
functions, and any output files from any of the foregoing 
(including device programming or simulation files), and any 
associated documentation or information are expressly subject 
to the terms and conditions of the Intel Program License 
Subscription Agreement, the Intel Quartus Prime License Agreement,
the Intel FPGA IP License Agreement, or other applicable license
agreement, including, without limitation, that your use is for
the sole purpose of programming logic devices manufactured by
Intel and sold by Intel or its authorized distributors.  Please
refer to the applicable agreement for further details, at
https://fpgasoftware.intel.com/eula.



+-------------------------------------------------------------------------------------+
; Analysis & Synthesis Summary                                                        ;
+------------------------------------+------------------------------------------------+
; Analysis & Synthesis Status        ; Successful - Wed May 28 12:48:01 2025          ;
; Quartus Prime Version              ; 23.1std.0 Build 991 11/28/2023 SC Lite Edition ;
; Revision Name                      ; Prototipo2                                     ;
; Top-level Entity Name              ; top_vga_structural                             ;
; Family                             ; MAX 10                                         ;
; Total logic elements               ; 88                                             ;
;     Total combinational functions  ; 88                                             ;
;     Dedicated logic registers      ; 21                                             ;
; Total registers                    ; 21                                             ;
; Total pins                         ; 25                                             ;
; Total virtual pins                 ; 0                                              ;
; Total memory bits                  ; 0                                              ;
; Embedded Multiplier 9-bit elements ; 0                                              ;
; Total PLLs                         ; 0                                              ;
; UFM blocks                         ; 0                                              ;
; ADC blocks                         ; 0                                              ;
+------------------------------------+------------------------------------------------+


+------------------------------------------------------------------------------------------------------------+
; Analysis & Synthesis Settings                                                                              ;
+------------------------------------------------------------------+--------------------+--------------------+
; Option                                                           ; Setting            ; Default Value      ;
+------------------------------------------------------------------+--------------------+--------------------+
; Device                                                           ; 10M50DAF484C7G     ;                    ;
; Top-level entity name                                            ; top_vga_structural ; Prototipo2         ;
; Family name                                                      ; MAX 10             ; Cyclone V          ;
; Use smart compilation                                            ; Off                ; Off                ;
; Enable parallel Assembler and Timing Analyzer during compilation ; On                 ; On                 ;
; Enable compact report table                                      ; Off                ; Off                ;
; Restructure Multiplexers                                         ; Auto               ; Auto               ;
; Create Debugging Nodes for IP Cores                              ; Off                ; Off                ;
; Preserve fewer node names                                        ; On                 ; On                 ;
; Intel FPGA IP Evaluation Mode                                    ; Enable             ; Enable             ;
; Verilog Version                                                  ; Verilog_2001       ; Verilog_2001       ;
; VHDL Version                                                     ; VHDL_1993          ; VHDL_1993          ;
; State Machine Processing                                         ; Auto               ; Auto               ;
; Safe State Machine                                               ; Off                ; Off                ;
; Extract Verilog State Machines                                   ; On                 ; On                 ;
; Extract VHDL State Machines                                      ; On                 ; On                 ;
; Ignore Verilog initial constructs                                ; Off                ; Off                ;
; Iteration limit for constant Verilog loops                       ; 5000               ; 5000               ;
; Iteration limit for non-constant Verilog loops                   ; 250                ; 250                ;
; Add Pass-Through Logic to Inferred RAMs                          ; On                 ; On                 ;
; Infer RAMs from Raw Logic                                        ; On                 ; On                 ;
; Parallel Synthesis                                               ; On                 ; On                 ;
; DSP Block Balancing                                              ; Auto               ; Auto               ;
; NOT Gate Push-Back                                               ; On                 ; On                 ;
; Power-Up Don't Care                                              ; On                 ; On                 ;
; Remove Redundant Logic Cells                                     ; Off                ; Off                ;
; Remove Duplicate Registers                                       ; On                 ; On                 ;
; Ignore CARRY Buffers                                             ; Off                ; Off                ;
; Ignore CASCADE Buffers                                           ; Off                ; Off                ;
; Ignore GLOBAL Buffers                                            ; Off                ; Off                ;
; Ignore ROW GLOBAL Buffers                                        ; Off                ; Off                ;
; Ignore LCELL Buffers                                             ; Off                ; Off                ;
; Ignore SOFT Buffers                                              ; On                 ; On                 ;
; Limit AHDL Integers to 32 Bits                                   ; Off                ; Off                ;
; Optimization Technique                                           ; Balanced           ; Balanced           ;
; Carry Chain Length                                               ; 70                 ; 70                 ;
; Auto Carry Chains                                                ; On                 ; On                 ;
; Auto Open-Drain Pins                                             ; On                 ; On                 ;
; Perform WYSIWYG Primitive Resynthesis                            ; Off                ; Off                ;
; Auto ROM Replacement                                             ; On                 ; On                 ;
; Auto RAM Replacement                                             ; On                 ; On                 ;
; Auto DSP Block Replacement                                       ; On                 ; On                 ;
; Auto Shift Register Replacement                                  ; Auto               ; Auto               ;
; Allow Shift Register Merging across Hierarchies                  ; Auto               ; Auto               ;
; Auto Clock Enable Replacement                                    ; On                 ; On                 ;
; Strict RAM Replacement                                           ; Off                ; Off                ;
; Allow Synchronous Control Signals                                ; On                 ; On                 ;
; Force Use of Synchronous Clear Signals                           ; Off                ; Off                ;
; Auto RAM Block Balancing                                         ; On                 ; On                 ;
; Auto RAM to Logic Cell Conversion                                ; Off                ; Off                ;
; Auto Resource Sharing                                            ; Off                ; Off                ;
; Allow Any RAM Size For Recognition                               ; Off                ; Off                ;
; Allow Any ROM Size For Recognition                               ; Off                ; Off                ;
; Allow Any Shift Register Size For Recognition                    ; Off                ; Off                ;
; Use LogicLock Constraints during Resource Balancing              ; On                 ; On                 ;
; Ignore translate_off and synthesis_off directives                ; Off                ; Off                ;
; Timing-Driven Synthesis                                          ; On                 ; On                 ;
; Report Parameter Settings                                        ; On                 ; On                 ;
; Report Source Assignments                                        ; On                 ; On                 ;
; Report Connectivity Checks                                       ; On                 ; On                 ;
; Ignore Maximum Fan-Out Assignments                               ; Off                ; Off                ;
; Synchronization Register Chain Length                            ; 2                  ; 2                  ;
; Power Optimization During Synthesis                              ; Normal compilation ; Normal compilation ;
; HDL message level                                                ; Level2             ; Level2             ;
; Suppress Register Optimization Related Messages                  ; Off                ; Off                ;
; Number of Removed Registers Reported in Synthesis Report         ; 5000               ; 5000               ;
; Number of Swept Nodes Reported in Synthesis Report               ; 5000               ; 5000               ;
; Number of Inverted Registers Reported in Synthesis Report        ; 100                ; 100                ;
; Clock MUX Protection                                             ; On                 ; On                 ;
; Auto Gated Clock Conversion                                      ; Off                ; Off                ;
; Block Design Naming                                              ; Auto               ; Auto               ;
; SDC constraint protection                                        ; Off                ; Off                ;
; Synthesis Effort                                                 ; Auto               ; Auto               ;
; Shift Register Replacement - Allow Asynchronous Clear Signal     ; On                 ; On                 ;
; Pre-Mapping Resynthesis Optimization                             ; Off                ; Off                ;
; Analysis & Synthesis Message Level                               ; Medium             ; Medium             ;
; Disable Register Merging Across Hierarchies                      ; Auto               ; Auto               ;
; Resource Aware Inference For Block RAM                           ; On                 ; On                 ;
+------------------------------------------------------------------+--------------------+--------------------+


+------------------------------------------+
; Parallel Compilation                     ;
+----------------------------+-------------+
; Processors                 ; Number      ;
+----------------------------+-------------+
; Number detected on machine ; 20          ;
; Maximum allowed            ; 14          ;
;                            ;             ;
; Average used               ; 1.00        ;
; Maximum used               ; 14          ;
;                            ;             ;
; Usage by Processor         ; % Time Used ;
;     Processor 1            ; 100.0%      ;
;     Processors 2-14        ;   0.0%      ;
+----------------------------+-------------+


+----------------------------------------------------------------------------------------------------------------------------------------------------------------------+
; Analysis & Synthesis Source Files Read                                                                                                                               ;
+----------------------------------+-----------------+------------------------+------------------------------------------------------------------------------+---------+
; File Name with User-Entered Path ; Used in Netlist ; File Type              ; File Name with Absolute Path                                                 ; Library ;
+----------------------------------+-----------------+------------------------+------------------------------------------------------------------------------+---------+
; igual_1bit.v                     ; yes             ; User Verilog HDL File  ; /home/aluno/Downloads/PBL 2.2- Rafael/PBL 2.2/igual_1bit.v                   ;         ;
; menor_1bit.v                     ; yes             ; User Verilog HDL File  ; /home/aluno/Downloads/PBL 2.2- Rafael/PBL 2.2/menor_1bit.v                   ;         ;
; menor_10bit.v                    ; yes             ; User Verilog HDL File  ; /home/aluno/Downloads/PBL 2.2- Rafael/PBL 2.2/menor_10bit.v                  ;         ;
; maior_igual_10bit.v              ; yes             ; User Verilog HDL File  ; /home/aluno/Downloads/PBL 2.2- Rafael/PBL 2.2/maior_igual_10bit.v            ;         ;
; entre_intervalo_10bit.v          ; yes             ; User Verilog HDL File  ; /home/aluno/Downloads/PBL 2.2- Rafael/PBL 2.2/entre_intervalo_10bit.v        ;         ;
; quadrado_colorido_structural.v   ; yes             ; User Verilog HDL File  ; /home/aluno/Downloads/PBL 2.2- Rafael/PBL 2.2/quadrado_colorido_structural.v ;         ;
; top_vga_structural.v             ; yes             ; User Verilog HDL File  ; /home/aluno/Downloads/PBL 2.2- Rafael/PBL 2.2/top_vga_structural.v           ;         ;
; clock_divider.v                  ; yes             ; User Verilog HDL File  ; /home/aluno/Downloads/PBL 2.2- Rafael/PBL 2.2/clock_divider.v                ;         ;
; vga_sync_estrutural.v            ; yes             ; User Verilog HDL File  ; /home/aluno/Downloads/PBL 2.2- Rafael/PBL 2.2/vga_sync_estrutural.v          ;         ;
; vga_sync_sequencial.v            ; yes             ; User Verilog HDL File  ; /home/aluno/Downloads/PBL 2.2- Rafael/PBL 2.2/vga_sync_sequencial.v          ;         ;
; COR.v                            ; yes             ; User Verilog HDL File  ; /home/aluno/Downloads/PBL 2.2- Rafael/PBL 2.2/COR.v                          ;         ;
; soma_10bit.v                     ; yes             ; User Verilog HDL File  ; /home/aluno/Downloads/PBL 2.2- Rafael/PBL 2.2/soma_10bit.v                   ;         ;
; output_files/PosicoesXY.v        ; yes             ; User Verilog HDL File  ; /home/aluno/Downloads/PBL 2.2- Rafael/PBL 2.2/output_files/PosicoesXY.v      ;         ;
+----------------------------------+-----------------+------------------------+------------------------------------------------------------------------------+---------+


+-----------------------------------------------------------------------------+
; Analysis & Synthesis Resource Usage Summary                                 ;
+---------------------------------------------+-------------------------------+
; Resource                                    ; Usage                         ;
+---------------------------------------------+-------------------------------+
; Estimated Total logic elements              ; 88                            ;
;                                             ;                               ;
; Total combinational functions               ; 88                            ;
; Logic element usage by number of LUT inputs ;                               ;
;     -- 4 input functions                    ; 41                            ;
;     -- 3 input functions                    ; 11                            ;
;     -- <=2 input functions                  ; 36                            ;
;                                             ;                               ;
; Logic elements by mode                      ;                               ;
;     -- normal mode                          ; 70                            ;
;     -- arithmetic mode                      ; 18                            ;
;                                             ;                               ;
; Total registers                             ; 21                            ;
;     -- Dedicated logic registers            ; 21                            ;
;     -- I/O registers                        ; 0                             ;
;                                             ;                               ;
; I/O pins                                    ; 25                            ;
;                                             ;                               ;
; Embedded Multiplier 9-bit elements          ; 0                             ;
;                                             ;                               ;
; Maximum fan-out node                        ; clock_divider:clk_div|clk_out ;
; Maximum fan-out                             ; 21                            ;
; Total fan-out                               ; 377                           ;
; Average fan-out                             ; 2.37                          ;
+---------------------------------------------+-------------------------------+


+-----------------------------------------------------------------------------------------------------------------------------------------------------------------------------------------------------------------------------------------------------------------------------------------------------------------------------------------------------------------------------+
; Analysis & Synthesis Resource Utilization by Entity                                                                                                                                                                                                                                                                                                                         ;
+--------------------------------------------+---------------------+---------------------------+-------------+------------+--------------+---------+-----------+------+--------------+------------+-----------------------------------------------------------------------------------------------------------------------------+------------------------------+--------------+
; Compilation Hierarchy Node                 ; Combinational ALUTs ; Dedicated Logic Registers ; Memory Bits ; UFM Blocks ; DSP Elements ; DSP 9x9 ; DSP 18x18 ; Pins ; Virtual Pins ; ADC blocks ; Full Hierarchy Name                                                                                                         ; Entity Name                  ; Library Name ;
+--------------------------------------------+---------------------+---------------------------+-------------+------------+--------------+---------+-----------+------+--------------+------------+-----------------------------------------------------------------------------------------------------------------------------+------------------------------+--------------+
; |top_vga_structural                        ; 88 (23)             ; 21 (0)                    ; 0           ; 0          ; 0            ; 0       ; 0         ; 25   ; 0            ; 0          ; |top_vga_structural                                                                                                         ; top_vga_structural           ; work         ;
;    |clock_divider:clk_div|                 ; 1 (1)               ; 1 (1)                     ; 0           ; 0          ; 0            ; 0       ; 0         ; 0    ; 0            ; 0          ; |top_vga_structural|clock_divider:clk_div                                                                                   ; clock_divider                ; work         ;
;    |quadrado_colorido_structural:quadrado| ; 32 (12)             ; 0 (0)                     ; 0           ; 0          ; 0            ; 0       ; 0         ; 0    ; 0            ; 0          ; |top_vga_structural|quadrado_colorido_structural:quadrado                                                                   ; quadrado_colorido_structural ; work         ;
;       |COR:cor_inst|                       ; 3 (3)               ; 0 (0)                     ; 0           ; 0          ; 0            ; 0       ; 0         ; 0    ; 0            ; 0          ; |top_vga_structural|quadrado_colorido_structural:quadrado|COR:cor_inst                                                      ; COR                          ; work         ;
;       |maior_igual_10bit:maior100y|        ; 2 (0)               ; 0 (0)                     ; 0           ; 0          ; 0            ; 0       ; 0         ; 0    ; 0            ; 0          ; |top_vga_structural|quadrado_colorido_structural:quadrado|maior_igual_10bit:maior100y                                       ; maior_igual_10bit            ; work         ;
;          |menor_10bit:comp_menor|          ; 2 (1)               ; 0 (0)                     ; 0           ; 0          ; 0            ; 0       ; 0         ; 0    ; 0            ; 0          ; |top_vga_structural|quadrado_colorido_structural:quadrado|maior_igual_10bit:maior100y|menor_10bit:comp_menor                ; menor_10bit                  ; work         ;
;             |igual_1bit:EQ5|               ; 1 (1)               ; 0 (0)                     ; 0           ; 0          ; 0            ; 0       ; 0         ; 0    ; 0            ; 0          ; |top_vga_structural|quadrado_colorido_structural:quadrado|maior_igual_10bit:maior100y|menor_10bit:comp_menor|igual_1bit:EQ5 ; igual_1bit                   ; work         ;
;       |maior_igual_10bit:maior100|         ; 3 (0)               ; 0 (0)                     ; 0           ; 0          ; 0            ; 0       ; 0         ; 0    ; 0            ; 0          ; |top_vga_structural|quadrado_colorido_structural:quadrado|maior_igual_10bit:maior100                                        ; maior_igual_10bit            ; work         ;
;          |menor_10bit:comp_menor|          ; 3 (2)               ; 0 (0)                     ; 0           ; 0          ; 0            ; 0       ; 0         ; 0    ; 0            ; 0          ; |top_vga_structural|quadrado_colorido_structural:quadrado|maior_igual_10bit:maior100|menor_10bit:comp_menor                 ; menor_10bit                  ; work         ;
;             |igual_1bit:EQ5|               ; 1 (1)               ; 0 (0)                     ; 0           ; 0          ; 0            ; 0       ; 0         ; 0    ; 0            ; 0          ; |top_vga_structural|quadrado_colorido_structural:quadrado|maior_igual_10bit:maior100|menor_10bit:comp_menor|igual_1bit:EQ5  ; igual_1bit                   ; work         ;
;       |menor_10bit:menor300y|              ; 6 (6)               ; 0 (0)                     ; 0           ; 0          ; 0            ; 0       ; 0         ; 0    ; 0            ; 0          ; |top_vga_structural|quadrado_colorido_structural:quadrado|menor_10bit:menor300y                                             ; menor_10bit                  ; work         ;
;       |menor_10bit:menor300|               ; 6 (6)               ; 0 (0)                     ; 0           ; 0          ; 0            ; 0       ; 0         ; 0    ; 0            ; 0          ; |top_vga_structural|quadrado_colorido_structural:quadrado|menor_10bit:menor300                                              ; menor_10bit                  ; work         ;
;    |vga_sync_estrutural:sinais_vga|        ; 6 (0)               ; 0 (0)                     ; 0           ; 0          ; 0            ; 0       ; 0         ; 0    ; 0            ; 0          ; |top_vga_structural|vga_sync_estrutural:sinais_vga                                                                          ; vga_sync_estrutural          ; work         ;
;       |entre_intervalo_10bit:hsyncEntre|   ; 2 (2)               ; 0 (0)                     ; 0           ; 0          ; 0            ; 0       ; 0         ; 0    ; 0            ; 0          ; |top_vga_structural|vga_sync_estrutural:sinais_vga|entre_intervalo_10bit:hsyncEntre                                         ; entre_intervalo_10bit        ; work         ;
;       |entre_intervalo_10bit:vsyncEntre|   ; 4 (4)               ; 0 (0)                     ; 0           ; 0          ; 0            ; 0       ; 0         ; 0    ; 0            ; 0          ; |top_vga_structural|vga_sync_estrutural:sinais_vga|entre_intervalo_10bit:vsyncEntre                                         ; entre_intervalo_10bit        ; work         ;
;    |vga_sync_sequencial:pos_xy|            ; 26 (26)             ; 20 (20)                   ; 0           ; 0          ; 0            ; 0       ; 0         ; 0    ; 0            ; 0          ; |top_vga_structural|vga_sync_sequencial:pos_xy                                                                              ; vga_sync_sequencial          ; work         ;
+--------------------------------------------+---------------------+---------------------------+-------------+------------+--------------+---------+-----------+------+--------------+------------+-----------------------------------------------------------------------------------------------------------------------------+------------------------------+--------------+
Note: For table entries with two numbers listed, the numbers in parentheses indicate the number of resources of the given type used by the specific entity alone. The numbers listed outside of parentheses indicate the total resources of the given type used by the specific entity and all of its sub-entities in the hierarchy.


+------------------------------------------------------+
; General Register Statistics                          ;
+----------------------------------------------+-------+
; Statistic                                    ; Value ;
+----------------------------------------------+-------+
; Total registers                              ; 21    ;
; Number of registers using Synchronous Clear  ; 20    ;
; Number of registers using Synchronous Load   ; 0     ;
; Number of registers using Asynchronous Clear ; 0     ;
; Number of registers using Asynchronous Load  ; 0     ;
; Number of registers using Clock Enable       ; 10    ;
; Number of registers using Preset             ; 0     ;
+----------------------------------------------+-------+


+-------------------------------------------------------------------------------------------------------------------------------------+
; Port Connectivity Checks: "quadrado_colorido_structural:quadrado|soma_10bit:sumPosTamanho|full_adder:f9"                            ;
+------+--------+----------+----------------------------------------------------------------------------------------------------------+
; Port ; Type   ; Severity ; Details                                                                                                  ;
+------+--------+----------+----------------------------------------------------------------------------------------------------------+
; cout ; Output ; Warning  ; Declared by entity but not connected by instance. Logic that only feeds a dangling port will be removed. ;
+------+--------+----------+----------------------------------------------------------------------------------------------------------+


+----------------------------------------------------------------------------------------------------------+
; Port Connectivity Checks: "quadrado_colorido_structural:quadrado|soma_10bit:sumPosTamanho|full_adder:f0" ;
+------+-------+----------+--------------------------------------------------------------------------------+
; Port ; Type  ; Severity ; Details                                                                        ;
+------+-------+----------+--------------------------------------------------------------------------------+
; cin  ; Input ; Info     ; Stuck at GND                                                                   ;
+------+-------+----------+--------------------------------------------------------------------------------+


+-------------------------------------------------------------------------------+
; Port Connectivity Checks: "vga_sync_estrutural:sinais_vga|menor_10bit:ymenor" ;
+---------+-------+----------+--------------------------------------------------+
; Port    ; Type  ; Severity ; Details                                          ;
+---------+-------+----------+--------------------------------------------------+
; b[8..5] ; Input ; Info     ; Stuck at VCC                                     ;
; b[4..0] ; Input ; Info     ; Stuck at GND                                     ;
; b[9]    ; Input ; Info     ; Stuck at GND                                     ;
+---------+-------+----------+--------------------------------------------------+


+-------------------------------------------------------------------------------+
; Port Connectivity Checks: "vga_sync_estrutural:sinais_vga|menor_10bit:xmenor" ;
+---------+-------+----------+--------------------------------------------------+
; Port    ; Type  ; Severity ; Details                                          ;
+---------+-------+----------+--------------------------------------------------+
; b[6..0] ; Input ; Info     ; Stuck at GND                                     ;
; b[9]    ; Input ; Info     ; Stuck at VCC                                     ;
; b[8]    ; Input ; Info     ; Stuck at GND                                     ;
; b[7]    ; Input ; Info     ; Stuck at VCC                                     ;
+---------+-------+----------+--------------------------------------------------+


+---------------------------------------------------------------------------------------------+
; Port Connectivity Checks: "vga_sync_estrutural:sinais_vga|entre_intervalo_10bit:vsyncEntre" ;
+--------------+-------+----------+-----------------------------------------------------------+
; Port         ; Type  ; Severity ; Details                                                   ;
+--------------+-------+----------+-----------------------------------------------------------+
; inicio[8..5] ; Input ; Info     ; Stuck at VCC                                              ;
; inicio[9]    ; Input ; Info     ; Stuck at GND                                              ;
; inicio[4]    ; Input ; Info     ; Stuck at GND                                              ;
; inicio[3]    ; Input ; Info     ; Stuck at VCC                                              ;
; inicio[2]    ; Input ; Info     ; Stuck at GND                                              ;
; inicio[1]    ; Input ; Info     ; Stuck at VCC                                              ;
; inicio[0]    ; Input ; Info     ; Stuck at GND                                              ;
; fim[8..5]    ; Input ; Info     ; Stuck at VCC                                              ;
; fim[3..2]    ; Input ; Info     ; Stuck at VCC                                              ;
; fim[1..0]    ; Input ; Info     ; Stuck at GND                                              ;
; fim[9]       ; Input ; Info     ; Stuck at GND                                              ;
; fim[4]       ; Input ; Info     ; Stuck at GND                                              ;
+--------------+-------+----------+-----------------------------------------------------------+


+-----------------------------------------------------------------------------------------------------------------------------------------------------------+
; Port Connectivity Checks: "vga_sync_estrutural:sinais_vga|entre_intervalo_10bit:hsyncEntre|maior_igual_10bit:comp1|menor_10bit:comp_menor|igual_1bit:EQ0" ;
+-------+--------+----------+-------------------------------------------------------------------------------------------------------------------------------+
; Port  ; Type   ; Severity ; Details                                                                                                                       ;
+-------+--------+----------+-------------------------------------------------------------------------------------------------------------------------------+
; saida ; Output ; Info     ; Connected to dangling logic. Logic that only feeds a dangling port will be removed.                                           ;
+-------+--------+----------+-------------------------------------------------------------------------------------------------------------------------------+


+---------------------------------------------------------------------------------------------+
; Port Connectivity Checks: "vga_sync_estrutural:sinais_vga|entre_intervalo_10bit:hsyncEntre" ;
+--------------+-------+----------+-----------------------------------------------------------+
; Port         ; Type  ; Severity ; Details                                                   ;
+--------------+-------+----------+-----------------------------------------------------------+
; inicio[6..5] ; Input ; Info     ; Stuck at GND                                              ;
; inicio[3..0] ; Input ; Info     ; Stuck at GND                                              ;
; inicio[9]    ; Input ; Info     ; Stuck at VCC                                              ;
; inicio[8]    ; Input ; Info     ; Stuck at GND                                              ;
; inicio[7]    ; Input ; Info     ; Stuck at VCC                                              ;
; inicio[4]    ; Input ; Info     ; Stuck at VCC                                              ;
; fim[7..4]    ; Input ; Info     ; Stuck at VCC                                              ;
; fim[3..0]    ; Input ; Info     ; Stuck at GND                                              ;
; fim[9]       ; Input ; Info     ; Stuck at VCC                                              ;
; fim[8]       ; Input ; Info     ; Stuck at GND                                              ;
+--------------+-------+----------+-----------------------------------------------------------+


+-----------------------------------------------------+
; Post-Synthesis Netlist Statistics for Top Partition ;
+-----------------------+-----------------------------+
; Type                  ; Count                       ;
+-----------------------+-----------------------------+
; boundary_port         ; 25                          ;
; cycloneiii_ff         ; 21                          ;
;     ENA SCLR          ; 10                          ;
;     SCLR              ; 10                          ;
;     plain             ; 1                           ;
; cycloneiii_lcell_comb ; 90                          ;
;     arith             ; 18                          ;
;         2 data inputs ; 18                          ;
;     normal            ; 72                          ;
;         1 data inputs ; 5                           ;
;         2 data inputs ; 15                          ;
;         3 data inputs ; 11                          ;
;         4 data inputs ; 41                          ;
;                       ;                             ;
; Max LUT depth         ; 8.00                        ;
; Average LUT depth     ; 4.22                        ;
+-----------------------+-----------------------------+


+-------------------------------+
; Elapsed Time Per Partition    ;
+----------------+--------------+
; Partition Name ; Elapsed Time ;
+----------------+--------------+
; Top            ; 00:00:00     ;
+----------------+--------------+


+-------------------------------+
; Analysis & Synthesis Messages ;
+-------------------------------+
Info: *******************************************************************
Info: Running Quartus Prime Analysis & Synthesis
    Info: Version 23.1std.0 Build 991 11/28/2023 SC Lite Edition
    Info: Processing started: Wed May 28 12:47:57 2025
Info: Command: quartus_map --read_settings_files=on --write_settings_files=off Prototipo2 -c Prototipo2
Warning (18236): Number of processors has not been specified which may cause overloading on shared machines.  Set the global assignment NUM_PARALLEL_PROCESSORS in your QSF to an appropriate value for best performance.
Info (20030): Parallel compilation is enabled and will use 14 of the 14 processors detected
Info (12021): Found 1 design units, including 1 entities, in source file igual_1bit.v
    Info (12023): Found entity 1: igual_1bit File: /home/aluno/Downloads/PBL 2.2- Rafael/PBL 2.2/igual_1bit.v Line: 1
Info (12021): Found 1 design units, including 1 entities, in source file menor_1bit.v
    Info (12023): Found entity 1: menor_1bit File: /home/aluno/Downloads/PBL 2.2- Rafael/PBL 2.2/menor_1bit.v Line: 1
Info (12021): Found 1 design units, including 1 entities, in source file menor_640.v
    Info (12023): Found entity 1: menor_640 File: /home/aluno/Downloads/PBL 2.2- Rafael/PBL 2.2/menor_640.v Line: 1
Info (12021): Found 1 design units, including 1 entities, in source file menor_10bit.v
    Info (12023): Found entity 1: menor_10bit File: /home/aluno/Downloads/PBL 2.2- Rafael/PBL 2.2/menor_10bit.v Line: 1
Info (12021): Found 1 design units, including 1 entities, in source file maior_igual_10bit.v
    Info (12023): Found entity 1: maior_igual_10bit File: /home/aluno/Downloads/PBL 2.2- Rafael/PBL 2.2/maior_igual_10bit.v Line: 1
Info (12021): Found 1 design units, including 1 entities, in source file entre_intervalo_10bit.v
    Info (12023): Found entity 1: entre_intervalo_10bit File: /home/aluno/Downloads/PBL 2.2- Rafael/PBL 2.2/entre_intervalo_10bit.v Line: 1
Info (12021): Found 1 design units, including 1 entities, in source file quadrado_colorido_structural.v
    Info (12023): Found entity 1: quadrado_colorido_structural File: /home/aluno/Downloads/PBL 2.2- Rafael/PBL 2.2/quadrado_colorido_structural.v Line: 1
Info (12021): Found 1 design units, including 1 entities, in source file top_vga_structural.v
    Info (12023): Found entity 1: top_vga_structural File: /home/aluno/Downloads/PBL 2.2- Rafael/PBL 2.2/top_vga_structural.v Line: 1
Info (12021): Found 1 design units, including 1 entities, in source file clock_divider.v
    Info (12023): Found entity 1: clock_divider File: /home/aluno/Downloads/PBL 2.2- Rafael/PBL 2.2/clock_divider.v Line: 1
Info (12021): Found 1 design units, including 1 entities, in source file vga_sync_estrutural.v
    Info (12023): Found entity 1: vga_sync_estrutural File: /home/aluno/Downloads/PBL 2.2- Rafael/PBL 2.2/vga_sync_estrutural.v Line: 1
Info (12021): Found 1 design units, including 1 entities, in source file vga_sync_sequencial.v
    Info (12023): Found entity 1: vga_sync_sequencial File: /home/aluno/Downloads/PBL 2.2- Rafael/PBL 2.2/vga_sync_sequencial.v Line: 1
Info (12021): Found 1 design units, including 1 entities, in source file COR.v
    Info (12023): Found entity 1: COR File: /home/aluno/Downloads/PBL 2.2- Rafael/PBL 2.2/COR.v Line: 1
Warning (10275): Verilog HDL Module Instantiation warning at soma_10bit.v(14): ignored dangling comma in List of Port Connections File: /home/aluno/Downloads/PBL 2.2- Rafael/PBL 2.2/soma_10bit.v Line: 14
Info (12021): Found 2 design units, including 2 entities, in source file soma_10bit.v
    Info (12023): Found entity 1: soma_10bit File: /home/aluno/Downloads/PBL 2.2- Rafael/PBL 2.2/soma_10bit.v Line: 1
    Info (12023): Found entity 2: full_adder File: /home/aluno/Downloads/PBL 2.2- Rafael/PBL 2.2/soma_10bit.v Line: 18
Info (12021): Found 1 design units, including 1 entities, in source file tamanho_quadrado.v
    Info (12023): Found entity 1: tamanho_quadrado File: /home/aluno/Downloads/PBL 2.2- Rafael/PBL 2.2/tamanho_quadrado.v Line: 1
Info (12021): Found 1 design units, including 1 entities, in source file output_files/PosicoesXY.v
    Info (12023): Found entity 1: PosicoesXY File: /home/aluno/Downloads/PBL 2.2- Rafael/PBL 2.2/output_files/PosicoesXY.v Line: 1
Info (12127): Elaborating entity "top_vga_structural" for the top level hierarchy
Info (12128): Elaborating entity "clock_divider" for hierarchy "clock_divider:clk_div" File: /home/aluno/Downloads/PBL 2.2- Rafael/PBL 2.2/top_vga_structural.v Line: 21
Info (12128): Elaborating entity "vga_sync_sequencial" for hierarchy "vga_sync_sequencial:pos_xy" File: /home/aluno/Downloads/PBL 2.2- Rafael/PBL 2.2/top_vga_structural.v Line: 32
Warning (10230): Verilog HDL assignment warning at vga_sync_sequencial.v(11): truncated value with size 32 to match size of target (10) File: /home/aluno/Downloads/PBL 2.2- Rafael/PBL 2.2/vga_sync_sequencial.v Line: 11
Warning (10230): Verilog HDL assignment warning at vga_sync_sequencial.v(14): truncated value with size 32 to match size of target (10) File: /home/aluno/Downloads/PBL 2.2- Rafael/PBL 2.2/vga_sync_sequencial.v Line: 14
Info (12128): Elaborating entity "vga_sync_estrutural" for hierarchy "vga_sync_estrutural:sinais_vga" File: /home/aluno/Downloads/PBL 2.2- Rafael/PBL 2.2/top_vga_structural.v Line: 40
Info (12128): Elaborating entity "entre_intervalo_10bit" for hierarchy "vga_sync_estrutural:sinais_vga|entre_intervalo_10bit:hsyncEntre" File: /home/aluno/Downloads/PBL 2.2- Rafael/PBL 2.2/vga_sync_estrutural.v Line: 29
Info (12128): Elaborating entity "maior_igual_10bit" for hierarchy "vga_sync_estrutural:sinais_vga|entre_intervalo_10bit:hsyncEntre|maior_igual_10bit:comp1" File: /home/aluno/Downloads/PBL 2.2- Rafael/PBL 2.2/entre_intervalo_10bit.v Line: 15
Info (12128): Elaborating entity "menor_10bit" for hierarchy "vga_sync_estrutural:sinais_vga|entre_intervalo_10bit:hsyncEntre|maior_igual_10bit:comp1|menor_10bit:comp_menor" File: /home/aluno/Downloads/PBL 2.2- Rafael/PBL 2.2/maior_igual_10bit.v Line: 12
Info (12128): Elaborating entity "igual_1bit" for hierarchy "vga_sync_estrutural:sinais_vga|entre_intervalo_10bit:hsyncEntre|maior_igual_10bit:comp1|menor_10bit:comp_menor|igual_1bit:EQ9" File: /home/aluno/Downloads/PBL 2.2- Rafael/PBL 2.2/menor_10bit.v Line: 12
Info (12128): Elaborating entity "menor_1bit" for hierarchy "vga_sync_estrutural:sinais_vga|entre_intervalo_10bit:hsyncEntre|maior_igual_10bit:comp1|menor_10bit:comp_menor|menor_1bit:M9" File: /home/aluno/Downloads/PBL 2.2- Rafael/PBL 2.2/menor_10bit.v Line: 24
Info (12128): Elaborating entity "quadrado_colorido_structural" for hierarchy "quadrado_colorido_structural:quadrado" File: /home/aluno/Downloads/PBL 2.2- Rafael/PBL 2.2/top_vga_structural.v Line: 59
Info (12128): Elaborating entity "COR" for hierarchy "quadrado_colorido_structural:quadrado|COR:cor_inst" File: /home/aluno/Downloads/PBL 2.2- Rafael/PBL 2.2/quadrado_colorido_structural.v Line: 18
Info (12128): Elaborating entity "PosicoesXY" for hierarchy "quadrado_colorido_structural:quadrado|PosicoesXY:tamanho_inst" File: /home/aluno/Downloads/PBL 2.2- Rafael/PBL 2.2/quadrado_colorido_structural.v Line: 29
Info (12128): Elaborating entity "soma_10bit" for hierarchy "quadrado_colorido_structural:quadrado|soma_10bit:sumPosTamanho" File: /home/aluno/Downloads/PBL 2.2- Rafael/PBL 2.2/quadrado_colorido_structural.v Line: 48
Info (12128): Elaborating entity "full_adder" for hierarchy "quadrado_colorido_structural:quadrado|soma_10bit:sumPosTamanho|full_adder:f0" File: /home/aluno/Downloads/PBL 2.2- Rafael/PBL 2.2/soma_10bit.v Line: 4
Warning (12241): 1 hierarchies have connectivity warnings - see the Connectivity Checks report folder
Info (286030): Timing-Driven Synthesis is running
Info (16010): Generating hard_block partition "hard_block:auto_generated_inst"
    Info (16011): Adding 0 node(s), including 0 DDIO, 0 PLL, 0 transceiver and 0 LCELL
Info (21057): Implemented 113 device resources after synthesis - the final resource count might be different
    Info (21058): Implemented 11 input pins
    Info (21059): Implemented 14 output pins
    Info (21061): Implemented 88 logic cells
Info: Quartus Prime Analysis & Synthesis was successful. 0 errors, 5 warnings
    Info: Peak virtual memory: 486 megabytes
    Info: Processing ended: Wed May 28 12:48:01 2025
    Info: Elapsed time: 00:00:04
    Info: Total CPU time (on all processors): 00:00:14


